{"/Users/mattallen/Development/place-to-charge/src/App.js": {"path":"/Users/mattallen/Development/place-to-charge/src/App.js","statementMap":{"0":{"start":{"line":13,"column":29},"end":{"line":13,"column":40}},"1":{"start":{"line":14,"column":29},"end":{"line":14,"column":64}},"2":{"start":{"line":15,"column":33},"end":{"line":15,"column":45}},"3":{"start":{"line":18,"column":23},"end":{"line":34,"column":3}},"4":{"start":{"line":20,"column":4},"end":{"line":20,"column":25}},"5":{"start":{"line":23,"column":24},"end":{"line":23,"column":65}},"6":{"start":{"line":26,"column":4},"end":{"line":33,"column":5}},"7":{"start":{"line":26,"column":35},"end":{"line":26,"column":65}},"8":{"start":{"line":27,"column":9},"end":{"line":33,"column":5}},"9":{"start":{"line":27,"column":38},"end":{"line":27,"column":89}},"10":{"start":{"line":31,"column":6},"end":{"line":31,"column":31}},"11":{"start":{"line":32,"column":6},"end":{"line":32,"column":27}},"12":{"start":{"line":35,"column":2},"end":{"line":48,"column":3}}},"fnMap":{"0":{"name":"App","decl":{"start":{"line":10,"column":9},"end":{"line":10,"column":12}},"loc":{"start":{"line":10,"column":15},"end":{"line":49,"column":1}},"line":10},"1":{"name":"(anonymous_1)","decl":{"start":{"line":18,"column":23},"end":{"line":18,"column":24}},"loc":{"start":{"line":18,"column":50},"end":{"line":34,"column":3}},"line":18}},"branchMap":{"0":{"loc":{"start":{"line":26,"column":4},"end":{"line":33,"column":5}},"type":"if","locations":[{"start":{"line":26,"column":4},"end":{"line":33,"column":5}},{"start":{"line":27,"column":9},"end":{"line":33,"column":5}}],"line":26},"1":{"loc":{"start":{"line":27,"column":9},"end":{"line":33,"column":5}},"type":"if","locations":[{"start":{"line":27,"column":9},"end":{"line":33,"column":5}},{"start":{"line":30,"column":9},"end":{"line":33,"column":5}}],"line":27}},"s":{"0":22,"1":22,"2":22,"3":22,"4":6,"5":6,"6":6,"7":2,"8":4,"9":2,"10":2,"11":2,"12":22},"f":{"0":22,"1":6},"b":{"0":[2,4],"1":[2,2]},"_coverageSchema":"1a1c01bbd47fc00a2c39e90264f33305004495a9","hash":"35f0fd545f91213b58ccc1719067774418079fac"}
}
